[2023-09-09 16:56:23,076] INFO Reading configuration from: .\config\zookeeper.properties (org.apache.zookeeper.server.quorum.QuorumPeerConfig)
[2023-09-09 16:56:23,086] WARN \tmp\zookeeper is relative. Prepend .\ to indicate that you're sure! (org.apache.zookeeper.server.quorum.QuorumPeerConfig)
[2023-09-09 16:56:23,088] INFO clientPortAddress is 0.0.0.0:2181 (org.apache.zookeeper.server.quorum.QuorumPeerConfig)
[2023-09-09 16:56:23,088] INFO secureClientPort is not set (org.apache.zookeeper.server.quorum.QuorumPeerConfig)
[2023-09-09 16:56:23,088] INFO observerMasterPort is not set (org.apache.zookeeper.server.quorum.QuorumPeerConfig)
[2023-09-09 16:56:23,088] INFO metricsProvider.className is org.apache.zookeeper.metrics.impl.DefaultMetricsProvider (org.apache.zookeeper.server.quorum.QuorumPeerConfig)
[2023-09-09 16:56:23,091] INFO autopurge.snapRetainCount set to 3 (org.apache.zookeeper.server.DatadirCleanupManager)
[2023-09-09 16:56:23,091] INFO autopurge.purgeInterval set to 0 (org.apache.zookeeper.server.DatadirCleanupManager)
[2023-09-09 16:56:23,091] INFO Purge task is not scheduled. (org.apache.zookeeper.server.DatadirCleanupManager)
[2023-09-09 16:56:23,091] WARN Either no config or no quorum defined in config, running in standalone mode (org.apache.zookeeper.server.quorum.QuorumPeerMain)
[2023-09-09 16:56:23,092] INFO Log4j 1.2 jmx support not found; jmx disabled. (org.apache.zookeeper.jmx.ManagedUtil)
[2023-09-09 16:56:23,093] INFO Reading configuration from: .\config\zookeeper.properties (org.apache.zookeeper.server.quorum.QuorumPeerConfig)
[2023-09-09 16:56:23,093] WARN \tmp\zookeeper is relative. Prepend .\ to indicate that you're sure! (org.apache.zookeeper.server.quorum.QuorumPeerConfig)
[2023-09-09 16:56:23,093] INFO clientPortAddress is 0.0.0.0:2181 (org.apache.zookeeper.server.quorum.QuorumPeerConfig)
[2023-09-09 16:56:23,093] INFO secureClientPort is not set (org.apache.zookeeper.server.quorum.QuorumPeerConfig)
[2023-09-09 16:56:23,093] INFO observerMasterPort is not set (org.apache.zookeeper.server.quorum.QuorumPeerConfig)
[2023-09-09 16:56:23,095] INFO metricsProvider.className is org.apache.zookeeper.metrics.impl.DefaultMetricsProvider (org.apache.zookeeper.server.quorum.QuorumPeerConfig)
[2023-09-09 16:56:23,095] INFO Starting server (org.apache.zookeeper.server.ZooKeeperServerMain)
[2023-09-09 16:56:23,107] INFO ServerMetrics initialized with provider org.apache.zookeeper.metrics.impl.DefaultMetricsProvider@2a32de6c (org.apache.zookeeper.server.ServerMetrics)
[2023-09-09 16:56:23,111] INFO zookeeper.snapshot.trust.empty : false (org.apache.zookeeper.server.persistence.FileTxnSnapLog)
[2023-09-09 16:56:23,125] INFO  (org.apache.zookeeper.server.ZooKeeperServer)
[2023-09-09 16:56:23,125] INFO   ______                  _                                           (org.apache.zookeeper.server.ZooKeeperServer)
[2023-09-09 16:56:23,125] INFO  |___  /                 | |                                          (org.apache.zookeeper.server.ZooKeeperServer)
[2023-09-09 16:56:23,125] INFO     / /    ___     ___   | | __   ___    ___   _ __     ___   _ __    (org.apache.zookeeper.server.ZooKeeperServer)
[2023-09-09 16:56:23,125] INFO    / /    / _ \   / _ \  | |/ /  / _ \  / _ \ | '_ \   / _ \ | '__| (org.apache.zookeeper.server.ZooKeeperServer)
[2023-09-09 16:56:23,125] INFO   / /__  | (_) | | (_) | |   <  |  __/ |  __/ | |_) | |  __/ | |     (org.apache.zookeeper.server.ZooKeeperServer)
[2023-09-09 16:56:23,126] INFO  /_____|  \___/   \___/  |_|\_\  \___|  \___| | .__/   \___| |_| (org.apache.zookeeper.server.ZooKeeperServer)
[2023-09-09 16:56:23,126] INFO                                               | |                      (org.apache.zookeeper.server.ZooKeeperServer)
[2023-09-09 16:56:23,126] INFO                                               |_|                      (org.apache.zookeeper.server.ZooKeeperServer)
[2023-09-09 16:56:23,126] INFO  (org.apache.zookeeper.server.ZooKeeperServer)
[2023-09-09 16:56:23,127] INFO Server environment:zookeeper.version=3.6.4--d65253dcf68e9097c6e95a126463fd5fdeb4521c, built on 12/18/2022 18:10 GMT (org.apache.zookeeper.server.ZooKeeperServer)
[2023-09-09 16:56:23,128] INFO Server environment:host.name=LAPTOP-35FE6FR7 (org.apache.zookeeper.server.ZooKeeperServer)
[2023-09-09 16:56:23,128] INFO Server environment:java.version=17.0.4 (org.apache.zookeeper.server.ZooKeeperServer)
[2023-09-09 16:56:23,128] INFO Server environment:java.vendor=Oracle Corporation (org.apache.zookeeper.server.ZooKeeperServer)
[2023-09-09 16:56:23,128] INFO Server environment:java.home=C:\Program Files\Java\jdk-17.0.4 (org.apache.zookeeper.server.ZooKeeperServer)
[2023-09-09 16:56:23,128] INFO Server environment:java.class.path=D:\NguyenNghia\kafka\libs\activation-1.1.1.jar;D:\NguyenNghia\kafka\libs\aopalliance-repackaged-2.6.1.jar;D:\NguyenNghia\kafka\libs\argparse4j-0.7.0.jar;D:\NguyenNghia\kafka\libs\audience-annotations-0.13.0.jar;D:\NguyenNghia\kafka\libs\commons-cli-1.4.jar;D:\NguyenNghia\kafka\libs\commons-lang3-3.8.1.jar;D:\NguyenNghia\kafka\libs\connect-api-3.5.0.jar;D:\NguyenNghia\kafka\libs\connect-basic-auth-extension-3.5.0.jar;D:\NguyenNghia\kafka\libs\connect-file-3.5.0.jar;D:\NguyenNghia\kafka\libs\connect-json-3.5.0.jar;D:\NguyenNghia\kafka\libs\connect-mirror-3.5.0.jar;D:\NguyenNghia\kafka\libs\connect-mirror-client-3.5.0.jar;D:\NguyenNghia\kafka\libs\connect-runtime-3.5.0.jar;D:\NguyenNghia\kafka\libs\connect-transforms-3.5.0.jar;D:\NguyenNghia\kafka\libs\hk2-api-2.6.1.jar;D:\NguyenNghia\kafka\libs\hk2-locator-2.6.1.jar;D:\NguyenNghia\kafka\libs\hk2-utils-2.6.1.jar;D:\NguyenNghia\kafka\libs\jackson-annotations-2.13.5.jar;D:\NguyenNghia\kafka\libs\jackson-core-2.13.5.jar;D:\NguyenNghia\kafka\libs\jackson-databind-2.13.5.jar;D:\NguyenNghia\kafka\libs\jackson-dataformat-csv-2.13.5.jar;D:\NguyenNghia\kafka\libs\jackson-datatype-jdk8-2.13.5.jar;D:\NguyenNghia\kafka\libs\jackson-jaxrs-base-2.13.5.jar;D:\NguyenNghia\kafka\libs\jackson-jaxrs-json-provider-2.13.5.jar;D:\NguyenNghia\kafka\libs\jackson-module-jaxb-annotations-2.13.5.jar;D:\NguyenNghia\kafka\libs\jackson-module-scala_2.13-2.13.5.jar;D:\NguyenNghia\kafka\libs\jakarta.activation-api-1.2.2.jar;D:\NguyenNghia\kafka\libs\jakarta.annotation-api-1.3.5.jar;D:\NguyenNghia\kafka\libs\jakarta.inject-2.6.1.jar;D:\NguyenNghia\kafka\libs\jakarta.validation-api-2.0.2.jar;D:\NguyenNghia\kafka\libs\jakarta.ws.rs-api-2.1.6.jar;D:\NguyenNghia\kafka\libs\jakarta.xml.bind-api-2.3.3.jar;D:\NguyenNghia\kafka\libs\javassist-3.29.2-GA.jar;D:\NguyenNghia\kafka\libs\javax.activation-api-1.2.0.jar;D:\NguyenNghia\kafka\libs\javax.annotation-api-1.3.2.jar;D:\NguyenNghia\kafka\libs\javax.servlet-api-3.1.0.jar;D:\NguyenNghia\kafka\libs\javax.ws.rs-api-2.1.1.jar;D:\NguyenNghia\kafka\libs\jaxb-api-2.3.1.jar;D:\NguyenNghia\kafka\libs\jersey-client-2.39.1.jar;D:\NguyenNghia\kafka\libs\jersey-common-2.39.1.jar;D:\NguyenNghia\kafka\libs\jersey-container-servlet-2.39.1.jar;D:\NguyenNghia\kafka\libs\jersey-container-servlet-core-2.39.1.jar;D:\NguyenNghia\kafka\libs\jersey-hk2-2.39.1.jar;D:\NguyenNghia\kafka\libs\jersey-server-2.39.1.jar;D:\NguyenNghia\kafka\libs\jetty-client-9.4.51.v20230217.jar;D:\NguyenNghia\kafka\libs\jetty-continuation-9.4.51.v20230217.jar;D:\NguyenNghia\kafka\libs\jetty-http-9.4.51.v20230217.jar;D:\NguyenNghia\kafka\libs\jetty-io-9.4.51.v20230217.jar;D:\NguyenNghia\kafka\libs\jetty-security-9.4.51.v20230217.jar;D:\NguyenNghia\kafka\libs\jetty-server-9.4.51.v20230217.jar;D:\NguyenNghia\kafka\libs\jetty-servlet-9.4.51.v20230217.jar;D:\NguyenNghia\kafka\libs\jetty-servlets-9.4.51.v20230217.jar;D:\NguyenNghia\kafka\libs\jetty-util-9.4.51.v20230217.jar;D:\NguyenNghia\kafka\libs\jetty-util-ajax-9.4.51.v20230217.jar;D:\NguyenNghia\kafka\libs\jline-3.22.0.jar;D:\NguyenNghia\kafka\libs\jopt-simple-5.0.4.jar;D:\NguyenNghia\kafka\libs\jose4j-0.9.3.jar;D:\NguyenNghia\kafka\libs\kafka-clients-3.5.0.jar;D:\NguyenNghia\kafka\libs\kafka-group-coordinator-3.5.0.jar;D:\NguyenNghia\kafka\libs\kafka-log4j-appender-3.5.0.jar;D:\NguyenNghia\kafka\libs\kafka-metadata-3.5.0.jar;D:\NguyenNghia\kafka\libs\kafka-raft-3.5.0.jar;D:\NguyenNghia\kafka\libs\kafka-server-common-3.5.0.jar;D:\NguyenNghia\kafka\libs\kafka-shell-3.5.0.jar;D:\NguyenNghia\kafka\libs\kafka-storage-3.5.0.jar;D:\NguyenNghia\kafka\libs\kafka-storage-api-3.5.0.jar;D:\NguyenNghia\kafka\libs\kafka-streams-3.5.0.jar;D:\NguyenNghia\kafka\libs\kafka-streams-examples-3.5.0.jar;D:\NguyenNghia\kafka\libs\kafka-streams-scala_2.13-3.5.0.jar;D:\NguyenNghia\kafka\libs\kafka-streams-test-utils-3.5.0.jar;D:\NguyenNghia\kafka\libs\kafka-tools-3.5.0.jar;D:\NguyenNghia\kafka\libs\kafka-tools-api-3.5.0.jar;D:\NguyenNghia\kafka\libs\kafka_2.13-3.5.0.jar;D:\NguyenNghia\kafka\libs\lz4-java-1.8.0.jar;D:\NguyenNghia\kafka\libs\maven-artifact-3.8.4.jar;D:\NguyenNghia\kafka\libs\metrics-core-2.2.0.jar;D:\NguyenNghia\kafka\libs\metrics-core-4.1.12.1.jar;D:\NguyenNghia\kafka\libs\netty-buffer-4.1.92.Final.jar;D:\NguyenNghia\kafka\libs\netty-codec-4.1.92.Final.jar;D:\NguyenNghia\kafka\libs\netty-common-4.1.92.Final.jar;D:\NguyenNghia\kafka\libs\netty-handler-4.1.92.Final.jar;D:\NguyenNghia\kafka\libs\netty-resolver-4.1.92.Final.jar;D:\NguyenNghia\kafka\libs\netty-transport-4.1.92.Final.jar;D:\NguyenNghia\kafka\libs\netty-transport-classes-epoll-4.1.92.Final.jar;D:\NguyenNghia\kafka\libs\netty-transport-native-epoll-4.1.92.Final.jar;D:\NguyenNghia\kafka\libs\netty-transport-native-unix-common-4.1.92.Final.jar;D:\NguyenNghia\kafka\libs\osgi-resource-locator-1.0.3.jar;D:\NguyenNghia\kafka\libs\paranamer-2.8.jar;D:\NguyenNghia\kafka\libs\plexus-utils-3.3.0.jar;D:\NguyenNghia\kafka\libs\reflections-0.9.12.jar;D:\NguyenNghia\kafka\libs\reload4j-1.2.25.jar;D:\NguyenNghia\kafka\libs\rocksdbjni-7.1.2.jar;D:\NguyenNghia\kafka\libs\scala-collection-compat_2.13-2.10.0.jar;D:\NguyenNghia\kafka\libs\scala-java8-compat_2.13-1.0.2.jar;D:\NguyenNghia\kafka\libs\scala-library-2.13.10.jar;D:\NguyenNghia\kafka\libs\scala-logging_2.13-3.9.4.jar;D:\NguyenNghia\kafka\libs\scala-reflect-2.13.10.jar;D:\NguyenNghia\kafka\libs\slf4j-api-1.7.36.jar;D:\NguyenNghia\kafka\libs\slf4j-reload4j-1.7.36.jar;D:\NguyenNghia\kafka\libs\snappy-java-1.1.10.0.jar;D:\NguyenNghia\kafka\libs\swagger-annotations-2.2.8.jar;D:\NguyenNghia\kafka\libs\trogdor-3.5.0.jar;D:\NguyenNghia\kafka\libs\zookeeper-3.6.4.jar;D:\NguyenNghia\kafka\libs\zookeeper-jute-3.6.4.jar;D:\NguyenNghia\kafka\libs\zstd-jni-1.5.5-1.jar (org.apache.zookeeper.server.ZooKeeperServer)
[2023-09-09 16:56:23,129] INFO Server environment:java.library.path=C:\Program Files\Java\jdk-17.0.4\bin;C:\WINDOWS\Sun\Java\bin;C:\WINDOWS\system32;C:\WINDOWS;C:\msys64\mingw64\bin;C:\Program Files (x86)\Microsoft SDKs\Azure\CLI2\wbin;C:\Program Files (x86)\Common Files\Oracle\Java\javapath;C:\Program Files (x86)\VMware\VMware Workstation\bin\;C:\Program Files\Microsoft MPI\Bin\;C:\Program Files\Common Files\Oracle\Java\javapath;C:\WINDOWS\system32;C:\WINDOWS;C:\WINDOWS\System32\Wbem;C:\WINDOWS\System32\WindowsPowerShell\v1.0\;C:\WINDOWS\System32\OpenSSH\;C:\Program Files\Git\cmd;C:\Program Files\TortoiseGit\bin;C:\Program Files (x86)\Microsoft SQL Server\150\DTS\Binn\;C:\Program Files\Azure Data Studio\bin;C:\Program Files (x86)\Microsoft SQL Server\150\Tools\Binn\;C:\Program Files\Microsoft SQL Server\150\Tools\Binn\;C:\Program Files\Microsoft SQL Server\150\DTS\Binn\;C:\Program Files\Microsoft SQL Server\Client SDK\ODBC\170\Tools\Binn\;C:\Program Files\PuTTY\;C:\Program Files\nodejs\;C:\Program Files\Docker\Docker\resources\bin;C:\ProgramData\DockerDesktop\version-bin;C:\ProgramData\chocolatey\bin;C:\minikube;C:\Program Files\Go\bin;C:\WINDOWS\System32\OpenSSH\;C:\Users\Admin\AppData\Local\Microsoft\WindowsApps;C:\Program Files\Azure Data Studio\bin;D:\BTM\sw\apache-maven-3.8.6\bin;C:\Program Files\Java\jdk-17.0.4\bin;C:\Users\Admin\AppData\Roaming\npm;C:\Users\Admin\AppData\Local\Programs\Microsoft VS Code\bin;C:\Users\Admin\go\bin;. (org.apache.zookeeper.server.ZooKeeperServer)
[2023-09-09 16:56:23,129] INFO Server environment:java.io.tmpdir=C:\Users\Admin\AppData\Local\Temp\ (org.apache.zookeeper.server.ZooKeeperServer)
[2023-09-09 16:56:23,129] INFO Server environment:java.compiler=<NA> (org.apache.zookeeper.server.ZooKeeperServer)
[2023-09-09 16:56:23,130] INFO Server environment:os.name=Windows 11 (org.apache.zookeeper.server.ZooKeeperServer)
[2023-09-09 16:56:23,130] INFO Server environment:os.arch=amd64 (org.apache.zookeeper.server.ZooKeeperServer)
[2023-09-09 16:56:23,130] INFO Server environment:os.version=10.0 (org.apache.zookeeper.server.ZooKeeperServer)
[2023-09-09 16:56:23,130] INFO Server environment:user.name=Admin (org.apache.zookeeper.server.ZooKeeperServer)
[2023-09-09 16:56:23,130] INFO Server environment:user.home=C:\Users\Admin (org.apache.zookeeper.server.ZooKeeperServer)
[2023-09-09 16:56:23,130] INFO Server environment:user.dir=D:\NguyenNghia\kafka (org.apache.zookeeper.server.ZooKeeperServer)
[2023-09-09 16:56:23,130] INFO Server environment:os.memory.free=495MB (org.apache.zookeeper.server.ZooKeeperServer)
[2023-09-09 16:56:23,130] INFO Server environment:os.memory.max=512MB (org.apache.zookeeper.server.ZooKeeperServer)
[2023-09-09 16:56:23,130] INFO Server environment:os.memory.total=512MB (org.apache.zookeeper.server.ZooKeeperServer)
[2023-09-09 16:56:23,130] INFO zookeeper.enableEagerACLCheck = false (org.apache.zookeeper.server.ZooKeeperServer)
[2023-09-09 16:56:23,131] INFO zookeeper.digest.enabled = true (org.apache.zookeeper.server.ZooKeeperServer)
[2023-09-09 16:56:23,131] INFO zookeeper.closeSessionTxn.enabled = true (org.apache.zookeeper.server.ZooKeeperServer)
[2023-09-09 16:56:23,131] INFO zookeeper.flushDelay=0 (org.apache.zookeeper.server.ZooKeeperServer)
[2023-09-09 16:56:23,131] INFO zookeeper.maxWriteQueuePollTime=0 (org.apache.zookeeper.server.ZooKeeperServer)
[2023-09-09 16:56:23,131] INFO zookeeper.maxBatchSize=1000 (org.apache.zookeeper.server.ZooKeeperServer)
[2023-09-09 16:56:23,131] INFO zookeeper.intBufferStartingSizeBytes = 1024 (org.apache.zookeeper.server.ZooKeeperServer)
[2023-09-09 16:56:23,134] INFO Weighed connection throttling is disabled (org.apache.zookeeper.server.BlueThrottle)
[2023-09-09 16:56:23,135] INFO minSessionTimeout set to 6000 (org.apache.zookeeper.server.ZooKeeperServer)
[2023-09-09 16:56:23,135] INFO maxSessionTimeout set to 60000 (org.apache.zookeeper.server.ZooKeeperServer)
[2023-09-09 16:56:23,137] INFO Response cache size is initialized with value 400. (org.apache.zookeeper.server.ResponseCache)
[2023-09-09 16:56:23,137] INFO Response cache size is initialized with value 400. (org.apache.zookeeper.server.ResponseCache)
[2023-09-09 16:56:23,138] INFO zookeeper.pathStats.slotCapacity = 60 (org.apache.zookeeper.server.util.RequestPathMetricsCollector)
[2023-09-09 16:56:23,139] INFO zookeeper.pathStats.slotDuration = 15 (org.apache.zookeeper.server.util.RequestPathMetricsCollector)
[2023-09-09 16:56:23,139] INFO zookeeper.pathStats.maxDepth = 6 (org.apache.zookeeper.server.util.RequestPathMetricsCollector)
[2023-09-09 16:56:23,139] INFO zookeeper.pathStats.initialDelay = 5 (org.apache.zookeeper.server.util.RequestPathMetricsCollector)
[2023-09-09 16:56:23,139] INFO zookeeper.pathStats.delay = 5 (org.apache.zookeeper.server.util.RequestPathMetricsCollector)
[2023-09-09 16:56:23,139] INFO zookeeper.pathStats.enabled = false (org.apache.zookeeper.server.util.RequestPathMetricsCollector)
[2023-09-09 16:56:23,142] INFO The max bytes for all large requests are set to 104857600 (org.apache.zookeeper.server.ZooKeeperServer)
[2023-09-09 16:56:23,142] INFO The large request threshold is set to -1 (org.apache.zookeeper.server.ZooKeeperServer)
[2023-09-09 16:56:23,142] INFO Created server with tickTime 3000 minSessionTimeout 6000 maxSessionTimeout 60000 clientPortListenBacklog -1 datadir \tmp\zookeeper\version-2 snapdir \tmp\zookeeper\version-2 (org.apache.zookeeper.server.ZooKeeperServer)
[2023-09-09 16:56:23,182] INFO Using org.apache.zookeeper.server.NIOServerCnxnFactory as server connection factory (org.apache.zookeeper.server.ServerCnxnFactory)
[2023-09-09 16:56:23,183] WARN maxCnxns is not configured, using default value 0. (org.apache.zookeeper.server.ServerCnxnFactory)
[2023-09-09 16:56:23,184] INFO Configuring NIO connection handler with 10s sessionless connection timeout, 2 selector thread(s), 24 worker threads, and 64 kB direct buffers. (org.apache.zookeeper.server.NIOServerCnxnFactory)
[2023-09-09 16:56:23,190] INFO binding to port 0.0.0.0/0.0.0.0:2181 (org.apache.zookeeper.server.NIOServerCnxnFactory)
[2023-09-09 16:56:23,205] INFO Using org.apache.zookeeper.server.watch.WatchManager as watch manager (org.apache.zookeeper.server.watch.WatchManagerFactory)
[2023-09-09 16:56:23,206] INFO Using org.apache.zookeeper.server.watch.WatchManager as watch manager (org.apache.zookeeper.server.watch.WatchManagerFactory)
[2023-09-09 16:56:23,206] INFO zookeeper.snapshotSizeFactor = 0.33 (org.apache.zookeeper.server.ZKDatabase)
[2023-09-09 16:56:23,206] INFO zookeeper.commitLogCount=500 (org.apache.zookeeper.server.ZKDatabase)
[2023-09-09 16:56:23,214] INFO zookeeper.snapshot.compression.method = CHECKED (org.apache.zookeeper.server.persistence.SnapStream)
[2023-09-09 16:56:23,214] INFO Snapshotting: 0x0 to \tmp\zookeeper\version-2\snapshot.0 (org.apache.zookeeper.server.persistence.FileTxnSnapLog)
[2023-09-09 16:56:23,217] INFO Snapshot loaded in 11 ms, highest zxid is 0x0, digest is 1371985504 (org.apache.zookeeper.server.ZKDatabase)
[2023-09-09 16:56:23,217] INFO Snapshotting: 0x0 to \tmp\zookeeper\version-2\snapshot.0 (org.apache.zookeeper.server.persistence.FileTxnSnapLog)
[2023-09-09 16:56:23,218] INFO Snapshot taken in 1 ms (org.apache.zookeeper.server.ZooKeeperServer)
[2023-09-09 16:56:23,228] INFO PrepRequestProcessor (sid:0) started, reconfigEnabled=false (org.apache.zookeeper.server.PrepRequestProcessor)
[2023-09-09 16:56:23,229] INFO zookeeper.request_throttler.shutdownTimeout = 10000 (org.apache.zookeeper.server.RequestThrottler)
[2023-09-09 16:56:23,246] INFO Using checkIntervalMs=60000 maxPerMinute=10000 maxNeverUsedIntervalMs=0 (org.apache.zookeeper.server.ContainerManager)
[2023-09-09 16:56:23,247] INFO ZooKeeper audit is disabled. (org.apache.zookeeper.audit.ZKAuditProvider)
